running egg_info
writing ../../build/gesture_turtlebot/gesture_turtlebot.egg-info/PKG-INFO
writing dependency_links to ../../build/gesture_turtlebot/gesture_turtlebot.egg-info/dependency_links.txt
writing entry points to ../../build/gesture_turtlebot/gesture_turtlebot.egg-info/entry_points.txt
writing requirements to ../../build/gesture_turtlebot/gesture_turtlebot.egg-info/requires.txt
writing top-level names to ../../build/gesture_turtlebot/gesture_turtlebot.egg-info/top_level.txt
reading manifest file '../../build/gesture_turtlebot/gesture_turtlebot.egg-info/SOURCES.txt'
writing manifest file '../../build/gesture_turtlebot/gesture_turtlebot.egg-info/SOURCES.txt'
running build
running build_py
copying gesture_turtlebot/spawn_controller.py -> /home/matt/Documents/CSCI4551/4551_final_project/build/gesture_turtlebot/build/lib/gesture_turtlebot
running install
running install_lib
copying /home/matt/Documents/CSCI4551/4551_final_project/build/gesture_turtlebot/build/lib/gesture_turtlebot/spawn_controller.py -> /home/matt/Documents/CSCI4551/4551_final_project/install/gesture_turtlebot/lib/python3.12/site-packages/gesture_turtlebot
byte-compiling /home/matt/Documents/CSCI4551/4551_final_project/install/gesture_turtlebot/lib/python3.12/site-packages/gesture_turtlebot/spawn_controller.py to spawn_controller.cpython-312.pyc
running install_data
running install_egg_info
removing '/home/matt/Documents/CSCI4551/4551_final_project/install/gesture_turtlebot/lib/python3.12/site-packages/gesture_turtlebot-0.0.0-py3.12.egg-info' (and everything under it)
Copying ../../build/gesture_turtlebot/gesture_turtlebot.egg-info to /home/matt/Documents/CSCI4551/4551_final_project/install/gesture_turtlebot/lib/python3.12/site-packages/gesture_turtlebot-0.0.0-py3.12.egg-info
running install_scripts
Installing gesture_recognition script to /home/matt/Documents/CSCI4551/4551_final_project/install/gesture_turtlebot/lib/gesture_turtlebot
Installing gesture_to_cmd script to /home/matt/Documents/CSCI4551/4551_final_project/install/gesture_turtlebot/lib/gesture_turtlebot
Installing spawn_controller script to /home/matt/Documents/CSCI4551/4551_final_project/install/gesture_turtlebot/lib/gesture_turtlebot
writing list of installed files to '/home/matt/Documents/CSCI4551/4551_final_project/build/gesture_turtlebot/install.log'
