[2.614s] Invoking command in '/home/matt/Documents/CSCI4551/4551_final_project/src/gesture_turtlebot': DEBUGINFOD_URLS=https://debuginfod.ubuntu.com PYTHONPATH=/home/matt/Documents/CSCI4551/4551_final_project/build/gesture_turtlebot/prefix_override:/usr/lib/python3/dist-packages/colcon_core/task/python/colcon_distutils_commands:/home/matt/Documents/CSCI4551/4551_final_project/install/gesture_turtlebot/lib/python3.12/site-packages:${PYTHONPATH} /usr/bin/python3 -W ignore:setup.py install is deprecated -W ignore:easy_install command is deprecated setup.py egg_info --egg-base ../../build/gesture_turtlebot build --build-base /home/matt/Documents/CSCI4551/4551_final_project/build/gesture_turtlebot/build install --record /home/matt/Documents/CSCI4551/4551_final_project/build/gesture_turtlebot/install.log --single-version-externally-managed install_data
[3.469s] running egg_info
[3.537s] writing ../../build/gesture_turtlebot/gesture_turtlebot.egg-info/PKG-INFO
[3.537s] writing dependency_links to ../../build/gesture_turtlebot/gesture_turtlebot.egg-info/dependency_links.txt
[3.538s] writing entry points to ../../build/gesture_turtlebot/gesture_turtlebot.egg-info/entry_points.txt
[3.539s] writing requirements to ../../build/gesture_turtlebot/gesture_turtlebot.egg-info/requires.txt
[3.539s] writing top-level names to ../../build/gesture_turtlebot/gesture_turtlebot.egg-info/top_level.txt
[3.677s] reading manifest file '../../build/gesture_turtlebot/gesture_turtlebot.egg-info/SOURCES.txt'
[3.680s] writing manifest file '../../build/gesture_turtlebot/gesture_turtlebot.egg-info/SOURCES.txt'
[3.681s] running build
[3.682s] running build_py
[3.682s] copying gesture_turtlebot/gesture_to_cmd.py -> /home/matt/Documents/CSCI4551/4551_final_project/build/gesture_turtlebot/build/lib/gesture_turtlebot
[3.683s] running install
[3.702s] running install_lib
[3.769s] copying /home/matt/Documents/CSCI4551/4551_final_project/build/gesture_turtlebot/build/lib/gesture_turtlebot/gesture_to_cmd.py -> /home/matt/Documents/CSCI4551/4551_final_project/install/gesture_turtlebot/lib/python3.12/site-packages/gesture_turtlebot
[3.771s] byte-compiling /home/matt/Documents/CSCI4551/4551_final_project/install/gesture_turtlebot/lib/python3.12/site-packages/gesture_turtlebot/gesture_to_cmd.py to gesture_to_cmd.cpython-312.pyc
[3.773s] running install_data
[3.774s] running install_egg_info
[3.842s] removing '/home/matt/Documents/CSCI4551/4551_final_project/install/gesture_turtlebot/lib/python3.12/site-packages/gesture_turtlebot-0.0.0-py3.12.egg-info' (and everything under it)
[3.843s] Copying ../../build/gesture_turtlebot/gesture_turtlebot.egg-info to /home/matt/Documents/CSCI4551/4551_final_project/install/gesture_turtlebot/lib/python3.12/site-packages/gesture_turtlebot-0.0.0-py3.12.egg-info
[3.845s] running install_scripts
[4.268s] Installing gesture_recognition script to /home/matt/Documents/CSCI4551/4551_final_project/install/gesture_turtlebot/lib/gesture_turtlebot
[4.268s] Installing gesture_to_cmd script to /home/matt/Documents/CSCI4551/4551_final_project/install/gesture_turtlebot/lib/gesture_turtlebot
[4.270s] writing list of installed files to '/home/matt/Documents/CSCI4551/4551_final_project/build/gesture_turtlebot/install.log'
[4.355s] Invoked command in '/home/matt/Documents/CSCI4551/4551_final_project/src/gesture_turtlebot' returned '0': DEBUGINFOD_URLS=https://debuginfod.ubuntu.com PYTHONPATH=/home/matt/Documents/CSCI4551/4551_final_project/build/gesture_turtlebot/prefix_override:/usr/lib/python3/dist-packages/colcon_core/task/python/colcon_distutils_commands:/home/matt/Documents/CSCI4551/4551_final_project/install/gesture_turtlebot/lib/python3.12/site-packages:${PYTHONPATH} /usr/bin/python3 -W ignore:setup.py install is deprecated -W ignore:easy_install command is deprecated setup.py egg_info --egg-base ../../build/gesture_turtlebot build --build-base /home/matt/Documents/CSCI4551/4551_final_project/build/gesture_turtlebot/build install --record /home/matt/Documents/CSCI4551/4551_final_project/build/gesture_turtlebot/install.log --single-version-externally-managed install_data
