running egg_info
creating ../../build/gesture_turtlebot/gesture_turtlebot.egg-info
writing ../../build/gesture_turtlebot/gesture_turtlebot.egg-info/PKG-INFO
writing dependency_links to ../../build/gesture_turtlebot/gesture_turtlebot.egg-info/dependency_links.txt
writing entry points to ../../build/gesture_turtlebot/gesture_turtlebot.egg-info/entry_points.txt
writing requirements to ../../build/gesture_turtlebot/gesture_turtlebot.egg-info/requires.txt
writing top-level names to ../../build/gesture_turtlebot/gesture_turtlebot.egg-info/top_level.txt
writing manifest file '../../build/gesture_turtlebot/gesture_turtlebot.egg-info/SOURCES.txt'
reading manifest file '../../build/gesture_turtlebot/gesture_turtlebot.egg-info/SOURCES.txt'
writing manifest file '../../build/gesture_turtlebot/gesture_turtlebot.egg-info/SOURCES.txt'
running build
running build_py
creating /home/matt/Documents/CSCI4551/4551_final_project/build/gesture_turtlebot/build
creating /home/matt/Documents/CSCI4551/4551_final_project/build/gesture_turtlebot/build/lib
creating /home/matt/Documents/CSCI4551/4551_final_project/build/gesture_turtlebot/build/lib/gesture_turtlebot
copying gesture_turtlebot/__init__.py -> /home/matt/Documents/CSCI4551/4551_final_project/build/gesture_turtlebot/build/lib/gesture_turtlebot
running install
running install_lib
creating /home/matt/Documents/CSCI4551/4551_final_project/install/gesture_turtlebot/lib/python3.12/site-packages/gesture_turtlebot
copying /home/matt/Documents/CSCI4551/4551_final_project/build/gesture_turtlebot/build/lib/gesture_turtlebot/__init__.py -> /home/matt/Documents/CSCI4551/4551_final_project/install/gesture_turtlebot/lib/python3.12/site-packages/gesture_turtlebot
byte-compiling /home/matt/Documents/CSCI4551/4551_final_project/install/gesture_turtlebot/lib/python3.12/site-packages/gesture_turtlebot/__init__.py to __init__.cpython-312.pyc
running install_data
creating /home/matt/Documents/CSCI4551/4551_final_project/install/gesture_turtlebot/share/ament_index
creating /home/matt/Documents/CSCI4551/4551_final_project/install/gesture_turtlebot/share/ament_index/resource_index
creating /home/matt/Documents/CSCI4551/4551_final_project/install/gesture_turtlebot/share/ament_index/resource_index/packages
copying resource/gesture_turtlebot -> /home/matt/Documents/CSCI4551/4551_final_project/install/gesture_turtlebot/share/ament_index/resource_index/packages
copying package.xml -> /home/matt/Documents/CSCI4551/4551_final_project/install/gesture_turtlebot/share/gesture_turtlebot
running install_egg_info
Copying ../../build/gesture_turtlebot/gesture_turtlebot.egg-info to /home/matt/Documents/CSCI4551/4551_final_project/install/gesture_turtlebot/lib/python3.12/site-packages/gesture_turtlebot-0.0.0-py3.12.egg-info
running install_scripts
Installing gesture_recognition script to /home/matt/Documents/CSCI4551/4551_final_project/install/gesture_turtlebot/lib/gesture_turtlebot
writing list of installed files to '/home/matt/Documents/CSCI4551/4551_final_project/build/gesture_turtlebot/install.log'
