[0.340s] DEBUG:colcon:Command line arguments: ['/usr/bin/colcon', 'build', '--packages-select', 'gesture_turtlebot']
[0.341s] DEBUG:colcon:Parsed command line arguments: Namespace(log_base=None, log_level=None, verb_name='build', build_base='build', install_base='install', merge_install=False, symlink_install=False, test_result_base=None, continue_on_error=False, executor='parallel', parallel_workers=8, event_handlers=None, ignore_user_meta=False, metas=['./colcon.meta'], base_paths=['.'], packages_ignore=None, packages_ignore_regex=None, paths=None, packages_up_to=None, packages_up_to_regex=None, packages_above=None, packages_above_and_dependencies=None, packages_above_depth=None, packages_select_by_dep=None, packages_skip_by_dep=None, packages_skip_up_to=None, packages_select_build_failed=False, packages_skip_build_finished=False, packages_select_test_failures=False, packages_skip_test_passed=False, packages_select=['gesture_turtlebot'], packages_skip=None, packages_select_regex=None, packages_skip_regex=None, packages_start=None, packages_end=None, allow_overriding=[], cmake_args=None, cmake_target=None, cmake_target_skip_unavailable=False, cmake_clean_cache=False, cmake_clean_first=False, cmake_force_configure=False, ament_cmake_args=None, catkin_cmake_args=None, catkin_skip_building_tests=False, mixin_files=None, mixin=None, verb_parser=<colcon_mixin.mixin.mixin_argument.MixinArgumentDecorator object at 0x7586e074ac60>, verb_extension=<colcon_core.verb.build.BuildVerb object at 0x7586e16316a0>, main=<bound method BuildVerb.main of <colcon_core.verb.build.BuildVerb object at 0x7586e16316a0>>, mixin_verb=('build',))
[0.456s] Level 1:colcon.colcon_core.package_discovery:discover_packages(colcon_meta) check parameters
[0.456s] Level 1:colcon.colcon_core.package_discovery:discover_packages(recursive) check parameters
[0.456s] Level 1:colcon.colcon_core.package_discovery:discover_packages(ignore) check parameters
[0.457s] Level 1:colcon.colcon_core.package_discovery:discover_packages(path) check parameters
[0.457s] Level 1:colcon.colcon_core.package_discovery:discover_packages(colcon_meta) discover
[0.457s] Level 1:colcon.colcon_core.package_discovery:discover_packages(recursive) discover
[0.457s] INFO:colcon.colcon_core.package_discovery:Crawling recursively for packages in '/home/matt/Documents/CSCI4551/4551_final_project'
[0.458s] Level 1:colcon.colcon_core.package_identification:_identify(.) by extensions ['ignore', 'ignore_ament_install']
[0.458s] Level 1:colcon.colcon_core.package_identification:_identify(.) by extension 'ignore'
[0.458s] Level 1:colcon.colcon_core.package_identification:_identify(.) by extension 'ignore_ament_install'
[0.458s] Level 1:colcon.colcon_core.package_identification:_identify(.) by extensions ['colcon_pkg']
[0.458s] Level 1:colcon.colcon_core.package_identification:_identify(.) by extension 'colcon_pkg'
[0.459s] Level 1:colcon.colcon_core.package_identification:_identify(.) by extensions ['colcon_meta']
[0.459s] Level 1:colcon.colcon_core.package_identification:_identify(.) by extension 'colcon_meta'
[0.459s] Level 1:colcon.colcon_core.package_identification:_identify(.) by extensions ['ros']
[0.459s] Level 1:colcon.colcon_core.package_identification:_identify(.) by extension 'ros'
[0.542s] Level 1:colcon.colcon_core.package_identification:_identify(.) by extensions ['cmake', 'python']
[0.542s] Level 1:colcon.colcon_core.package_identification:_identify(.) by extension 'cmake'
[0.542s] Level 1:colcon.colcon_core.package_identification:_identify(.) by extension 'python'
[0.542s] Level 1:colcon.colcon_core.package_identification:_identify(.) by extensions ['python_setup_py']
[0.542s] Level 1:colcon.colcon_core.package_identification:_identify(.) by extension 'python_setup_py'
[0.543s] Level 1:colcon.colcon_core.package_identification:_identify(build) by extensions ['ignore', 'ignore_ament_install']
[0.543s] Level 1:colcon.colcon_core.package_identification:_identify(build) by extension 'ignore'
[0.543s] Level 1:colcon.colcon_core.package_identification:_identify(build) ignored
[0.544s] Level 1:colcon.colcon_core.package_identification:_identify(install) by extensions ['ignore', 'ignore_ament_install']
[0.544s] Level 1:colcon.colcon_core.package_identification:_identify(install) by extension 'ignore'
[0.544s] Level 1:colcon.colcon_core.package_identification:_identify(install) ignored
[0.545s] Level 1:colcon.colcon_core.package_identification:_identify(log) by extensions ['ignore', 'ignore_ament_install']
[0.545s] Level 1:colcon.colcon_core.package_identification:_identify(log) by extension 'ignore'
[0.545s] Level 1:colcon.colcon_core.package_identification:_identify(log) ignored
[0.545s] Level 1:colcon.colcon_core.package_identification:_identify(src) by extensions ['ignore', 'ignore_ament_install']
[0.546s] Level 1:colcon.colcon_core.package_identification:_identify(src) by extension 'ignore'
[0.546s] Level 1:colcon.colcon_core.package_identification:_identify(src) by extension 'ignore_ament_install'
[0.546s] Level 1:colcon.colcon_core.package_identification:_identify(src) by extensions ['colcon_pkg']
[0.546s] Level 1:colcon.colcon_core.package_identification:_identify(src) by extension 'colcon_pkg'
[0.546s] Level 1:colcon.colcon_core.package_identification:_identify(src) by extensions ['colcon_meta']
[0.546s] Level 1:colcon.colcon_core.package_identification:_identify(src) by extension 'colcon_meta'
[0.547s] Level 1:colcon.colcon_core.package_identification:_identify(src) by extensions ['ros']
[0.547s] Level 1:colcon.colcon_core.package_identification:_identify(src) by extension 'ros'
[0.547s] Level 1:colcon.colcon_core.package_identification:_identify(src) by extensions ['cmake', 'python']
[0.547s] Level 1:colcon.colcon_core.package_identification:_identify(src) by extension 'cmake'
[0.547s] Level 1:colcon.colcon_core.package_identification:_identify(src) by extension 'python'
[0.547s] Level 1:colcon.colcon_core.package_identification:_identify(src) by extensions ['python_setup_py']
[0.547s] Level 1:colcon.colcon_core.package_identification:_identify(src) by extension 'python_setup_py'
[0.548s] Level 1:colcon.colcon_core.package_identification:_identify(src/gesture_turtlebot) by extensions ['ignore', 'ignore_ament_install']
[0.548s] Level 1:colcon.colcon_core.package_identification:_identify(src/gesture_turtlebot) by extension 'ignore'
[0.548s] Level 1:colcon.colcon_core.package_identification:_identify(src/gesture_turtlebot) by extension 'ignore_ament_install'
[0.548s] Level 1:colcon.colcon_core.package_identification:_identify(src/gesture_turtlebot) by extensions ['colcon_pkg']
[0.549s] Level 1:colcon.colcon_core.package_identification:_identify(src/gesture_turtlebot) by extension 'colcon_pkg'
[0.549s] Level 1:colcon.colcon_core.package_identification:_identify(src/gesture_turtlebot) by extensions ['colcon_meta']
[0.549s] Level 1:colcon.colcon_core.package_identification:_identify(src/gesture_turtlebot) by extension 'colcon_meta'
[0.549s] Level 1:colcon.colcon_core.package_identification:_identify(src/gesture_turtlebot) by extensions ['ros']
[0.549s] Level 1:colcon.colcon_core.package_identification:_identify(src/gesture_turtlebot) by extension 'ros'
[0.558s] DEBUG:colcon.colcon_core.package_identification:Package 'src/gesture_turtlebot' with type 'ros.ament_python' and name 'gesture_turtlebot'
[0.558s] Level 1:colcon.colcon_core.package_discovery:discover_packages(recursive) using defaults
[0.558s] Level 1:colcon.colcon_core.package_discovery:discover_packages(ignore) discover
[0.558s] Level 1:colcon.colcon_core.package_discovery:discover_packages(ignore) using defaults
[0.558s] Level 1:colcon.colcon_core.package_discovery:discover_packages(path) discover
[0.558s] Level 1:colcon.colcon_core.package_discovery:discover_packages(path) using defaults
[0.610s] Level 1:colcon.colcon_core.package_discovery:discover_packages(prefix_path) check parameters
[0.610s] Level 1:colcon.colcon_core.package_discovery:discover_packages(prefix_path) discover
[0.614s] DEBUG:colcon.colcon_installed_package_information.package_discovery:Found 1 installed packages in /home/matt/Documents/CSCI4551/4551_final_project/install
[0.620s] DEBUG:colcon.colcon_installed_package_information.package_discovery:Found 407 installed packages in /opt/ros/jazzy
[0.624s] Level 1:colcon.colcon_core.package_discovery:discover_packages(prefix_path) using defaults
[0.790s] Level 5:colcon.colcon_core.verb:set package 'gesture_turtlebot' build argument 'cmake_args' from command line to 'None'
[0.790s] Level 5:colcon.colcon_core.verb:set package 'gesture_turtlebot' build argument 'cmake_target' from command line to 'None'
[0.790s] Level 5:colcon.colcon_core.verb:set package 'gesture_turtlebot' build argument 'cmake_target_skip_unavailable' from command line to 'False'
[0.790s] Level 5:colcon.colcon_core.verb:set package 'gesture_turtlebot' build argument 'cmake_clean_cache' from command line to 'False'
[0.790s] Level 5:colcon.colcon_core.verb:set package 'gesture_turtlebot' build argument 'cmake_clean_first' from command line to 'False'
[0.790s] Level 5:colcon.colcon_core.verb:set package 'gesture_turtlebot' build argument 'cmake_force_configure' from command line to 'False'
[0.790s] Level 5:colcon.colcon_core.verb:set package 'gesture_turtlebot' build argument 'ament_cmake_args' from command line to 'None'
[0.790s] Level 5:colcon.colcon_core.verb:set package 'gesture_turtlebot' build argument 'catkin_cmake_args' from command line to 'None'
[0.790s] Level 5:colcon.colcon_core.verb:set package 'gesture_turtlebot' build argument 'catkin_skip_building_tests' from command line to 'False'
[0.791s] DEBUG:colcon.colcon_core.verb:Building package 'gesture_turtlebot' with the following arguments: {'ament_cmake_args': None, 'build_base': '/home/matt/Documents/CSCI4551/4551_final_project/build/gesture_turtlebot', 'catkin_cmake_args': None, 'catkin_skip_building_tests': False, 'cmake_args': None, 'cmake_clean_cache': False, 'cmake_clean_first': False, 'cmake_force_configure': False, 'cmake_target': None, 'cmake_target_skip_unavailable': False, 'install_base': '/home/matt/Documents/CSCI4551/4551_final_project/install/gesture_turtlebot', 'merge_install': False, 'path': '/home/matt/Documents/CSCI4551/4551_final_project/src/gesture_turtlebot', 'symlink_install': False, 'test_result_base': None}
[0.791s] INFO:colcon.colcon_core.executor:Executing jobs using 'parallel' executor
[0.793s] DEBUG:colcon.colcon_parallel_executor.executor.parallel:run_until_complete
[0.794s] INFO:colcon.colcon_ros.task.ament_python.build:Building ROS package in '/home/matt/Documents/CSCI4551/4551_final_project/src/gesture_turtlebot' with build type 'ament_python'
[0.794s] Level 1:colcon.colcon_core.shell:create_environment_hook('gesture_turtlebot', 'ament_prefix_path')
[0.799s] INFO:colcon.colcon_core.plugin_system:Skipping extension 'colcon_core.shell.bat': Not used on non-Windows systems
[0.800s] INFO:colcon.colcon_core.shell:Creating environment hook '/home/matt/Documents/CSCI4551/4551_final_project/install/gesture_turtlebot/share/gesture_turtlebot/hook/ament_prefix_path.ps1'
[0.802s] INFO:colcon.colcon_core.shell:Creating environment descriptor '/home/matt/Documents/CSCI4551/4551_final_project/install/gesture_turtlebot/share/gesture_turtlebot/hook/ament_prefix_path.dsv'
[0.804s] INFO:colcon.colcon_core.shell:Creating environment hook '/home/matt/Documents/CSCI4551/4551_final_project/install/gesture_turtlebot/share/gesture_turtlebot/hook/ament_prefix_path.sh'
[0.806s] INFO:colcon.colcon_core.shell:Skip shell extension 'powershell' for command environment: Not usable outside of PowerShell
[0.806s] DEBUG:colcon.colcon_core.shell:Skip shell extension 'dsv' for command environment
[1.498s] INFO:colcon.colcon_core.task.python.build:Building Python package in '/home/matt/Documents/CSCI4551/4551_final_project/src/gesture_turtlebot'
[1.499s] INFO:colcon.colcon_core.shell:Skip shell extension 'powershell' for command environment: Not usable outside of PowerShell
[1.499s] DEBUG:colcon.colcon_core.shell:Skip shell extension 'dsv' for command environment
[3.409s] DEBUG:colcon.colcon_core.event_handler.log_command:Invoking command in '/home/matt/Documents/CSCI4551/4551_final_project/src/gesture_turtlebot': DEBUGINFOD_URLS=https://debuginfod.ubuntu.com PYTHONPATH=/home/matt/Documents/CSCI4551/4551_final_project/build/gesture_turtlebot/prefix_override:/usr/lib/python3/dist-packages/colcon_core/task/python/colcon_distutils_commands:/home/matt/Documents/CSCI4551/4551_final_project/install/gesture_turtlebot/lib/python3.12/site-packages:${PYTHONPATH} /usr/bin/python3 -W ignore:setup.py install is deprecated -W ignore:easy_install command is deprecated setup.py egg_info --egg-base ../../build/gesture_turtlebot build --build-base /home/matt/Documents/CSCI4551/4551_final_project/build/gesture_turtlebot/build install --record /home/matt/Documents/CSCI4551/4551_final_project/build/gesture_turtlebot/install.log --single-version-externally-managed install_data
[5.177s] DEBUG:colcon.colcon_core.event_handler.log_command:Invoked command in '/home/matt/Documents/CSCI4551/4551_final_project/src/gesture_turtlebot' returned '0': DEBUGINFOD_URLS=https://debuginfod.ubuntu.com PYTHONPATH=/home/matt/Documents/CSCI4551/4551_final_project/build/gesture_turtlebot/prefix_override:/usr/lib/python3/dist-packages/colcon_core/task/python/colcon_distutils_commands:/home/matt/Documents/CSCI4551/4551_final_project/install/gesture_turtlebot/lib/python3.12/site-packages:${PYTHONPATH} /usr/bin/python3 -W ignore:setup.py install is deprecated -W ignore:easy_install command is deprecated setup.py egg_info --egg-base ../../build/gesture_turtlebot build --build-base /home/matt/Documents/CSCI4551/4551_final_project/build/gesture_turtlebot/build install --record /home/matt/Documents/CSCI4551/4551_final_project/build/gesture_turtlebot/install.log --single-version-externally-managed install_data
[5.180s] Level 1:colcon.colcon_core.environment:checking '/home/matt/Documents/CSCI4551/4551_final_project/install/gesture_turtlebot' for CMake module files
[5.182s] Level 1:colcon.colcon_core.environment:checking '/home/matt/Documents/CSCI4551/4551_final_project/install/gesture_turtlebot' for CMake config files
[5.184s] Level 1:colcon.colcon_core.environment:checking '/home/matt/Documents/CSCI4551/4551_final_project/install/gesture_turtlebot/lib'
[5.184s] Level 1:colcon.colcon_core.environment:checking '/home/matt/Documents/CSCI4551/4551_final_project/install/gesture_turtlebot/bin'
[5.184s] Level 1:colcon.colcon_core.environment:checking '/home/matt/Documents/CSCI4551/4551_final_project/install/gesture_turtlebot/lib/pkgconfig/gesture_turtlebot.pc'
[5.185s] Level 1:colcon.colcon_core.environment:checking '/home/matt/Documents/CSCI4551/4551_final_project/install/gesture_turtlebot/lib/python3.12/site-packages'
[5.186s] Level 1:colcon.colcon_core.shell:create_environment_hook('gesture_turtlebot', 'pythonpath')
[5.186s] INFO:colcon.colcon_core.shell:Creating environment hook '/home/matt/Documents/CSCI4551/4551_final_project/install/gesture_turtlebot/share/gesture_turtlebot/hook/pythonpath.ps1'
[5.188s] INFO:colcon.colcon_core.shell:Creating environment descriptor '/home/matt/Documents/CSCI4551/4551_final_project/install/gesture_turtlebot/share/gesture_turtlebot/hook/pythonpath.dsv'
[5.189s] INFO:colcon.colcon_core.shell:Creating environment hook '/home/matt/Documents/CSCI4551/4551_final_project/install/gesture_turtlebot/share/gesture_turtlebot/hook/pythonpath.sh'
[5.191s] Level 1:colcon.colcon_core.environment:checking '/home/matt/Documents/CSCI4551/4551_final_project/install/gesture_turtlebot/bin'
[5.191s] Level 1:colcon.colcon_core.environment:create_environment_scripts_only(gesture_turtlebot)
[5.192s] INFO:colcon.colcon_core.shell:Creating package script '/home/matt/Documents/CSCI4551/4551_final_project/install/gesture_turtlebot/share/gesture_turtlebot/package.ps1'
[5.195s] INFO:colcon.colcon_core.shell:Creating package descriptor '/home/matt/Documents/CSCI4551/4551_final_project/install/gesture_turtlebot/share/gesture_turtlebot/package.dsv'
[5.197s] INFO:colcon.colcon_core.shell:Creating package script '/home/matt/Documents/CSCI4551/4551_final_project/install/gesture_turtlebot/share/gesture_turtlebot/package.sh'
[5.200s] INFO:colcon.colcon_core.shell:Creating package script '/home/matt/Documents/CSCI4551/4551_final_project/install/gesture_turtlebot/share/gesture_turtlebot/package.bash'
[5.202s] INFO:colcon.colcon_core.shell:Creating package script '/home/matt/Documents/CSCI4551/4551_final_project/install/gesture_turtlebot/share/gesture_turtlebot/package.zsh'
[5.204s] Level 1:colcon.colcon_core.environment:create_file_with_runtime_dependencies(/home/matt/Documents/CSCI4551/4551_final_project/install/gesture_turtlebot/share/colcon-core/packages/gesture_turtlebot)
[5.205s] DEBUG:colcon.colcon_parallel_executor.executor.parallel:closing loop
[5.205s] DEBUG:colcon.colcon_parallel_executor.executor.parallel:loop closed
[5.205s] DEBUG:colcon.colcon_parallel_executor.executor.parallel:run_until_complete finished with '0'
[5.206s] DEBUG:colcon.colcon_core.event_reactor:joining thread
[5.222s] INFO:colcon.colcon_core.plugin_system:Skipping extension 'colcon_notification.desktop_notification.terminal_notifier': Not used on non-Darwin systems
[5.222s] INFO:colcon.colcon_core.plugin_system:Skipping extension 'colcon_notification.desktop_notification.win32': Not used on non-Windows systems
[5.223s] INFO:colcon.colcon_notification.desktop_notification:Sending desktop notification using 'notify2'
[5.258s] DEBUG:colcon.colcon_core.event_reactor:joined thread
[5.258s] INFO:colcon.colcon_core.shell:Creating prefix script '/home/matt/Documents/CSCI4551/4551_final_project/install/local_setup.ps1'
[5.260s] INFO:colcon.colcon_core.shell:Creating prefix util module '/home/matt/Documents/CSCI4551/4551_final_project/install/_local_setup_util_ps1.py'
[5.264s] INFO:colcon.colcon_core.shell:Creating prefix chain script '/home/matt/Documents/CSCI4551/4551_final_project/install/setup.ps1'
[5.267s] INFO:colcon.colcon_core.shell:Creating prefix script '/home/matt/Documents/CSCI4551/4551_final_project/install/local_setup.sh'
[5.269s] INFO:colcon.colcon_core.shell:Creating prefix util module '/home/matt/Documents/CSCI4551/4551_final_project/install/_local_setup_util_sh.py'
[5.270s] INFO:colcon.colcon_core.shell:Creating prefix chain script '/home/matt/Documents/CSCI4551/4551_final_project/install/setup.sh'
[5.273s] INFO:colcon.colcon_core.shell:Creating prefix script '/home/matt/Documents/CSCI4551/4551_final_project/install/local_setup.bash'
[5.274s] INFO:colcon.colcon_core.shell:Creating prefix chain script '/home/matt/Documents/CSCI4551/4551_final_project/install/setup.bash'
[5.276s] INFO:colcon.colcon_core.shell:Creating prefix script '/home/matt/Documents/CSCI4551/4551_final_project/install/local_setup.zsh'
[5.277s] INFO:colcon.colcon_core.shell:Creating prefix chain script '/home/matt/Documents/CSCI4551/4551_final_project/install/setup.zsh'
