[1.021s] Invoking command in '/home/matt/Documents/CSCI4551/4551_final_project/src/gesture_turtlebot': DEBUGINFOD_URLS=https://debuginfod.ubuntu.com PYTHONPATH=/home/matt/Documents/CSCI4551/4551_final_project/build/gesture_turtlebot/prefix_override:/usr/lib/python3/dist-packages/colcon_core/task/python/colcon_distutils_commands:/home/matt/Documents/CSCI4551/4551_final_project/install/gesture_turtlebot/lib/python3.12/site-packages:${PYTHONPATH} /usr/bin/python3 -W ignore:setup.py install is deprecated -W ignore:easy_install command is deprecated setup.py egg_info --egg-base ../../build/gesture_turtlebot build --build-base /home/matt/Documents/CSCI4551/4551_final_project/build/gesture_turtlebot/build install --record /home/matt/Documents/CSCI4551/4551_final_project/build/gesture_turtlebot/install.log --single-version-externally-managed install_data
[1.390s] running egg_info
[1.414s] writing ../../build/gesture_turtlebot/gesture_turtlebot.egg-info/PKG-INFO
[1.415s] writing dependency_links to ../../build/gesture_turtlebot/gesture_turtlebot.egg-info/dependency_links.txt
[1.415s] writing entry points to ../../build/gesture_turtlebot/gesture_turtlebot.egg-info/entry_points.txt
[1.415s] writing requirements to ../../build/gesture_turtlebot/gesture_turtlebot.egg-info/requires.txt
[1.415s] writing top-level names to ../../build/gesture_turtlebot/gesture_turtlebot.egg-info/top_level.txt
[1.464s] reading manifest file '../../build/gesture_turtlebot/gesture_turtlebot.egg-info/SOURCES.txt'
[1.465s] writing manifest file '../../build/gesture_turtlebot/gesture_turtlebot.egg-info/SOURCES.txt'
[1.466s] running build
[1.466s] running build_py
[1.466s] copying gesture_turtlebot/gesture_recognition.py -> /home/matt/Documents/CSCI4551/4551_final_project/build/gesture_turtlebot/build/lib/gesture_turtlebot
[1.466s] running install
[1.474s] running install_lib
[1.498s] copying /home/matt/Documents/CSCI4551/4551_final_project/build/gesture_turtlebot/build/lib/gesture_turtlebot/gesture_recognition.py -> /home/matt/Documents/CSCI4551/4551_final_project/install/gesture_turtlebot/lib/python3.12/site-packages/gesture_turtlebot
[1.498s] byte-compiling /home/matt/Documents/CSCI4551/4551_final_project/install/gesture_turtlebot/lib/python3.12/site-packages/gesture_turtlebot/gesture_recognition.py to gesture_recognition.cpython-312.pyc
[1.499s] running install_data
[1.500s] running install_egg_info
[1.526s] removing '/home/matt/Documents/CSCI4551/4551_final_project/install/gesture_turtlebot/lib/python3.12/site-packages/gesture_turtlebot-0.0.0-py3.12.egg-info' (and everything under it)
[1.526s] Copying ../../build/gesture_turtlebot/gesture_turtlebot.egg-info to /home/matt/Documents/CSCI4551/4551_final_project/install/gesture_turtlebot/lib/python3.12/site-packages/gesture_turtlebot-0.0.0-py3.12.egg-info
[1.527s] running install_scripts
[1.687s] Installing gesture_recognition script to /home/matt/Documents/CSCI4551/4551_final_project/install/gesture_turtlebot/lib/gesture_turtlebot
[1.688s] writing list of installed files to '/home/matt/Documents/CSCI4551/4551_final_project/build/gesture_turtlebot/install.log'
[1.726s] Invoked command in '/home/matt/Documents/CSCI4551/4551_final_project/src/gesture_turtlebot' returned '0': DEBUGINFOD_URLS=https://debuginfod.ubuntu.com PYTHONPATH=/home/matt/Documents/CSCI4551/4551_final_project/build/gesture_turtlebot/prefix_override:/usr/lib/python3/dist-packages/colcon_core/task/python/colcon_distutils_commands:/home/matt/Documents/CSCI4551/4551_final_project/install/gesture_turtlebot/lib/python3.12/site-packages:${PYTHONPATH} /usr/bin/python3 -W ignore:setup.py install is deprecated -W ignore:easy_install command is deprecated setup.py egg_info --egg-base ../../build/gesture_turtlebot build --build-base /home/matt/Documents/CSCI4551/4551_final_project/build/gesture_turtlebot/build install --record /home/matt/Documents/CSCI4551/4551_final_project/build/gesture_turtlebot/install.log --single-version-externally-managed install_data
