[1.243s] Invoking command in '/home/matt/Documents/CSCI4551/4551_final_project/src/gesture_turtlebot': DEBUGINFOD_URLS=https://debuginfod.ubuntu.com PYTHONPATH=/home/matt/Documents/CSCI4551/4551_final_project/build/gesture_turtlebot/prefix_override:/usr/lib/python3/dist-packages/colcon_core/task/python/colcon_distutils_commands:/home/matt/Documents/CSCI4551/4551_final_project/install/gesture_turtlebot/lib/python3.12/site-packages:${PYTHONPATH} /usr/bin/python3 -W ignore:setup.py install is deprecated -W ignore:easy_install command is deprecated setup.py egg_info --egg-base ../../build/gesture_turtlebot build --build-base /home/matt/Documents/CSCI4551/4551_final_project/build/gesture_turtlebot/build install --record /home/matt/Documents/CSCI4551/4551_final_project/build/gesture_turtlebot/install.log --single-version-externally-managed install_data
[1.651s] running egg_info
[1.681s] writing ../../build/gesture_turtlebot/gesture_turtlebot.egg-info/PKG-INFO
[1.681s] writing dependency_links to ../../build/gesture_turtlebot/gesture_turtlebot.egg-info/dependency_links.txt
[1.682s] writing entry points to ../../build/gesture_turtlebot/gesture_turtlebot.egg-info/entry_points.txt
[1.682s] writing requirements to ../../build/gesture_turtlebot/gesture_turtlebot.egg-info/requires.txt
[1.682s] writing top-level names to ../../build/gesture_turtlebot/gesture_turtlebot.egg-info/top_level.txt
[1.749s] reading manifest file '../../build/gesture_turtlebot/gesture_turtlebot.egg-info/SOURCES.txt'
[1.750s] writing manifest file '../../build/gesture_turtlebot/gesture_turtlebot.egg-info/SOURCES.txt'
[1.751s] running build
[1.751s] running build_py
[1.751s] running install
[1.761s] running install_lib
[1.792s] running install_data
[1.792s] running install_egg_info
[1.826s] removing '/home/matt/Documents/CSCI4551/4551_final_project/install/gesture_turtlebot/lib/python3.12/site-packages/gesture_turtlebot-0.0.0-py3.12.egg-info' (and everything under it)
[1.828s] Copying ../../build/gesture_turtlebot/gesture_turtlebot.egg-info to /home/matt/Documents/CSCI4551/4551_final_project/install/gesture_turtlebot/lib/python3.12/site-packages/gesture_turtlebot-0.0.0-py3.12.egg-info
[1.829s] running install_scripts
[2.035s] Installing gesture_recognition script to /home/matt/Documents/CSCI4551/4551_final_project/install/gesture_turtlebot/lib/gesture_turtlebot
[2.035s] Installing gesture_to_cmd script to /home/matt/Documents/CSCI4551/4551_final_project/install/gesture_turtlebot/lib/gesture_turtlebot
[2.036s] Installing spawn_controller script to /home/matt/Documents/CSCI4551/4551_final_project/install/gesture_turtlebot/lib/gesture_turtlebot
[2.036s] writing list of installed files to '/home/matt/Documents/CSCI4551/4551_final_project/build/gesture_turtlebot/install.log'
[2.080s] Invoked command in '/home/matt/Documents/CSCI4551/4551_final_project/src/gesture_turtlebot' returned '0': DEBUGINFOD_URLS=https://debuginfod.ubuntu.com PYTHONPATH=/home/matt/Documents/CSCI4551/4551_final_project/build/gesture_turtlebot/prefix_override:/usr/lib/python3/dist-packages/colcon_core/task/python/colcon_distutils_commands:/home/matt/Documents/CSCI4551/4551_final_project/install/gesture_turtlebot/lib/python3.12/site-packages:${PYTHONPATH} /usr/bin/python3 -W ignore:setup.py install is deprecated -W ignore:easy_install command is deprecated setup.py egg_info --egg-base ../../build/gesture_turtlebot build --build-base /home/matt/Documents/CSCI4551/4551_final_project/build/gesture_turtlebot/build install --record /home/matt/Documents/CSCI4551/4551_final_project/build/gesture_turtlebot/install.log --single-version-externally-managed install_data
